<?xml version="1.0" encoding="UTF-8" ?>
<testsuite failures="0" time="0" errors="0" skipped="0" tests="2" name="me.ready.util.FileUtilTest">
  <properties>
    <property name="java.runtime.name" value="Java(TM) SE Runtime Environment"/>
    <property name="sun.boot.library.path" value="F:\Program\MyEclipse\binary\com.sun.java.jdk7.win32.x86_1.7.0.u45\jre\bin"/>
    <property name="java.vm.version" value="24.45-b08"/>
    <property name="java.vm.vendor" value="Oracle Corporation"/>
    <property name="java.vendor.url" value="http://java.oracle.com/"/>
    <property name="path.separator" value=";"/>
    <property name="guice.disable.misplaced.annotation.check" value="true"/>
    <property name="java.vm.name" value="Java HotSpot(TM) Client VM"/>
    <property name="file.encoding.pkg" value="sun.io"/>
    <property name="user.script" value=""/>
    <property name="user.country" value="CN"/>
    <property name="sun.java.launcher" value="SUN_STANDARD"/>
    <property name="sun.os.patch.level" value="Service Pack 1"/>
    <property name="java.vm.specification.name" value="Java Virtual Machine Specification"/>
    <property name="user.dir" value="F:\Program\egit_repos\ready-x\ready-x"/>
    <property name="java.runtime.version" value="1.7.0_45-b18"/>
    <property name="java.awt.graphicsenv" value="sun.awt.Win32GraphicsEnvironment"/>
    <property name="java.endorsed.dirs" value="F:\Program\MyEclipse\binary\com.sun.java.jdk7.win32.x86_1.7.0.u45\jre\lib\endorsed"/>
    <property name="os.arch" value="x86"/>
    <property name="java.io.tmpdir" value="C:\Users\ADMINI~1\AppData\Local\Temp\"/>
    <property name="line.separator" value="
"/>
    <property name="java.vm.specification.vendor" value="Oracle Corporation"/>
    <property name="user.variant" value=""/>
    <property name="os.name" value="Windows 7"/>
    <property name="classworlds.conf" value="D:\Java\.metadata\.plugins\org.eclipse.m2e.launching\launches\m2conf516207877121391678.tmp"/>
    <property name="sun.jnu.encoding" value="GBK"/>
    <property name="java.library.path" value="F:\Program\MyEclipse\binary\com.sun.java.jdk7.win32.x86_1.7.0.u45\bin;C:\Windows\Sun\Java\bin;C:\Windows\system32;C:\Windows;F:/Program/MyEclipse/binary/com.sun.java.jdk7.win32.x86_1.7.0.u45/jre/bin/client;F:/Program/MyEclipse/binary/com.sun.java.jdk7.win32.x86_1.7.0.u45/jre/bin;F:/Program/MyEclipse/binary/com.sun.java.jdk7.win32.x86_1.7.0.u45/jre/lib/i386;C:\Program Files (x86)\Intel\iCLS Client\;C:\Program Files\Intel\iCLS Client\;C:\Windows\system32;C:\Windows;C:\Windows\System32\Wbem;C:\Windows\System32\WindowsPowerShell\v1.0\;C:\Program Files (x86)\Windows7Master;C:\Program Files\Intel\Intel(R) Management Engine Components\DAL;C:\Program Files\Intel\Intel(R) Management Engine Components\IPT;C:\Program Files (x86)\Intel\Intel(R) Management Engine Components\DAL;C:\Program Files (x86)\Intel\Intel(R) Management Engine Components\IPT;F:\Program\MyEclipse\binary\com.sun.java.jdk7.win32.x86_1.7.0.u45\bin;F:\Program\Tortoise\bin;F:\wamp\bin\mysql\mysql5.5.28\bin;."/>
    <property name="java.specification.name" value="Java Platform API Specification"/>
    <property name="java.class.version" value="51.0"/>
    <property name="sun.management.compiler" value="HotSpot Client Compiler"/>
    <property name="os.version" value="6.1"/>
    <property name="user.home" value="C:\Users\Administrator"/>
    <property name="user.timezone" value="Asia/Shanghai"/>
    <property name="java.awt.printerjob" value="sun.awt.windows.WPrinterJob"/>
    <property name="java.specification.version" value="1.7"/>
    <property name="file.encoding" value="UTF-8"/>
    <property name="user.name" value="Administrator"/>
    <property name="java.class.path" value="F:\Program\apache-maven-3.2.3\boot\plexus-classworlds-2.5.1.jar"/>
    <property name="java.vm.specification.version" value="1.7"/>
    <property name="sun.arch.data.model" value="32"/>
    <property name="java.home" value="F:\Program\MyEclipse\binary\com.sun.java.jdk7.win32.x86_1.7.0.u45\jre"/>
    <property name="sun.java.command" value="org.codehaus.classworlds.Launcher -B -s F:\Program\apache-maven-3.2.3\conf\settings.xml deploy"/>
    <property name="java.specification.vendor" value="Oracle Corporation"/>
    <property name="user.language" value="zh"/>
    <property name="awt.toolkit" value="sun.awt.windows.WToolkit"/>
    <property name="java.vm.info" value="mixed mode"/>
    <property name="java.version" value="1.7.0_45"/>
    <property name="java.ext.dirs" value="F:\Program\MyEclipse\binary\com.sun.java.jdk7.win32.x86_1.7.0.u45\jre\lib\ext;C:\Windows\Sun\Java\lib\ext"/>
    <property name="sun.boot.class.path" value="F:\Program\MyEclipse\binary\com.sun.java.jdk7.win32.x86_1.7.0.u45\jre\lib\resources.jar;F:\Program\MyEclipse\binary\com.sun.java.jdk7.win32.x86_1.7.0.u45\jre\lib\rt.jar;F:\Program\MyEclipse\binary\com.sun.java.jdk7.win32.x86_1.7.0.u45\jre\lib\sunrsasign.jar;F:\Program\MyEclipse\binary\com.sun.java.jdk7.win32.x86_1.7.0.u45\jre\lib\jsse.jar;F:\Program\MyEclipse\binary\com.sun.java.jdk7.win32.x86_1.7.0.u45\jre\lib\jce.jar;F:\Program\MyEclipse\binary\com.sun.java.jdk7.win32.x86_1.7.0.u45\jre\lib\charsets.jar;F:\Program\MyEclipse\binary\com.sun.java.jdk7.win32.x86_1.7.0.u45\jre\lib\jfr.jar;F:\Program\MyEclipse\binary\com.sun.java.jdk7.win32.x86_1.7.0.u45\jre\classes"/>
    <property name="java.vendor" value="Oracle Corporation"/>
    <property name="maven.home" value="F:\Program\apache-maven-3.2.3"/>
    <property name="file.separator" value="\"/>
    <property name="java.vendor.url.bug" value="http://bugreport.sun.com/bugreport/"/>
    <property name="maven.bootclasspath" value="F:\Program\apache-maven-3.2.3\boot\plexus-classworlds-2.5.1.jar"/>
    <property name="sun.cpu.endian" value="little"/>
    <property name="sun.io.unicode.encoding" value="UnicodeLittle"/>
    <property name="sun.desktop" value="windows"/>
    <property name="sun.cpu.isalist" value="pentium_pro+mmx pentium_pro pentium+mmx pentium i486 i386 i86"/>
  </properties>
  <testcase time="0" classname="me.ready.util.FileUtilTest" name="calcFileSize"/>
  <testcase time="0" classname="me.ready.util.FileUtilTest" name="getFileName"/>
</testsuite>